{"logTime": "0314/160525", "correlationVector":"jR5AO5mIU/m+5BF0UdStm4.1","action":"SyncServerConnectionManagerRequest", "result":"SYNC_SERVER_OK", "context":{"environment":"Prod_southindia_prod-s01-004-apac-southindia", "migrationStage":"NotStarted", "server":"akswtt01000002e"}}
{"logTime": "0314/160525", "correlationVector":"jR5AO5mIU/m+5BF0UdStm4.2","action":"ProcessGetUpdates", "result":"Done", "context":{"dataType":"Encryption Keys", "deleted":"0", "process_failed_to_decrypt":"0", "process_pending_decryption":"0", "process_success":"1", "total":"1"}}
{"logTime": "0314/160525", "correlationVector":"9YuhcfVynhsdlUKGK8paFA","action":"SyncServerConnectionManagerRequest", "result":"SYNC_SERVER_OK", "context":{"environment":"", "migrationStage":"", "server":""}}
{"logTime": "0314/160525", "correlationVector":"jR5AO5mIU/m+5BF0UdStm4","action":"Initial GetUpdates", "result":"", "context":Reason: NEW_CLIENT. cV=jR5AO5mIU/m+5BF0UdStm4}
{"logTime": "0314/160525", "correlationVector":"jR5AO5mIU/m+5BF0UdStm4.3","action":"GetUpdates Response", "result":"Success", "context":Received 1 update(s). cV=jR5AO5mIU/m+5BF0UdStm4.0;server=akswtt01000002e;cloudType=Consumer;environment=Prod_southindia_prod-s01-004-apac-southindia;migrationStage=NotStarted}
{"logTime": "0314/160525", "correlationVector":"f/7x1sDfk1t16+lp5TW0ru","action":"Initial GetUpdates", "result":"", "context":Reason: NEWLY_SUPPORTED_DATATYPE. cV=f/7x1sDfk1t16+lp5TW0ru}
{"logTime": "0314/160527", "correlationVector":"f/7x1sDfk1t16+lp5TW0ru.1","action":"SyncServerConnectionManagerRequest", "result":"SYNC_SERVER_OK", "context":{"environment":"Prod_southindia_prod-s01-004-apac-southindia", "migrationStage":"NotStarted", "server":"akswtt01000002l"}}
{"logTime": "0314/160527", "correlationVector":"f/7x1sDfk1t16+lp5TW0ru.2","action":"ProcessGetUpdates", "result":"Done", "context":{"dataType":"Preferences", "deleted":"0", "process_failed_to_decrypt":"0", "process_pending_decryption":"0", "process_success":"92", "total":"92"}}
{"logTime": "0314/160527", "correlationVector":"f/7x1sDfk1t16+lp5TW0ru.3","action":"ProcessGetUpdates", "result":"Done", "context":{"dataType":"Passwords", "deleted":"1", "process_failed_to_decrypt":"0", "process_pending_decryption":"0", "process_success":"108", "total":"108"}}
{"logTime": "0314/160527", "correlationVector":"f/7x1sDfk1t16+lp5TW0ru.4","action":"ProcessGetUpdates", "result":"Done", "context":{"dataType":"Device Info", "deleted":"0", "process_failed_to_decrypt":"0", "process_pending_decryption":"0", "process_success":"7", "total":"7"}}
{"logTime": "0314/160527", "correlationVector":"f/7x1sDfk1t16+lp5TW0ru.5","action":"GetUpdates Response", "result":"Success", "context":Received 207 update(s). cV=f/7x1sDfk1t16+lp5TW0ru.0;server=akswtt01000002l;cloudType=Consumer;environment=Prod_southindia_prod-s01-004-apac-southindia;migrationStage=NotStarted}
{"logTime": "0314/160527", "correlationVector":"62hq5PakBqgl6jPhR64MG0","action":"Initial GetUpdates", "result":"", "context":Reason: NEWLY_SUPPORTED_DATATYPE. cV=62hq5PakBqgl6jPhR64MG0}
{"logTime": "0314/160527", "correlationVector":"62hq5PakBqgl6jPhR64MG0.1","action":"SyncServerConnectionManagerRequest", "result":"SYNC_SERVER_OK", "context":{"environment":"Prod_southindia_prod-s01-004-apac-southindia", "migrationStage":"NotStarted", "server":"akswtt01000000n"}}
{"logTime": "0314/160527", "correlationVector":"62hq5PakBqgl6jPhR64MG0.2","action":"ProcessGetUpdates", "result":"Done", "context":{"dataType":"Bookmarks", "deleted":"0", "process_failed_to_decrypt":"0", "process_pending_decryption":"0", "process_success":"23", "total":"23"}}
{"logTime": "0314/160527", "correlationVector":"62hq5PakBqgl6jPhR64MG0.3","action":"GetUpdates Response", "result":"Success", "context":Received 23 update(s). cV=62hq5PakBqgl6jPhR64MG0.0;server=akswtt01000000n;cloudType=Consumer;environment=Prod_southindia_prod-s01-004-apac-southindia;migrationStage=NotStarted}
{"logTime": "0314/160527", "correlationVector":"fo53qJPBA+u5d+pDZju+dx","action":"Initial GetUpdates", "result":"", "context":Reason: NEWLY_SUPPORTED_DATATYPE. cV=fo53qJPBA+u5d+pDZju+dx}
{"logTime": "0314/160528", "correlationVector":"fo53qJPBA+u5d+pDZju+dx.1","action":"SyncServerConnectionManagerRequest", "result":"SYNC_SERVER_OK", "context":{"environment":"Prod_southindia_prod-s01-004-apac-southindia", "migrationStage":"NotStarted", "server":"akswtt01000000m"}}
{"logTime": "0314/160528", "correlationVector":"fo53qJPBA+u5d+pDZju+dx.2","action":"ProcessGetUpdates", "result":"Done", "context":{"dataType":"Autofill Profiles", "deleted":"0", "process_failed_to_decrypt":"0", "process_pending_decryption":"0", "process_success":"15", "total":"15"}}
{"logTime": "0314/160528", "correlationVector":"fo53qJPBA+u5d+pDZju+dx.3","action":"ProcessGetUpdates", "result":"Done", "context":{"dataType":"Autofill", "deleted":"0", "process_failed_to_decrypt":"0", "process_pending_decryption":"0", "process_success":"28", "total":"28"}}
{"logTime": "0314/160528", "correlationVector":"fo53qJPBA+u5d+pDZju+dx.4","action":"ProcessGetUpdates", "result":"Done", "context":{"dataType":"Extensions", "deleted":"0", "process_failed_to_decrypt":"0", "process_pending_decryption":"0", "process_success":"1", "total":"1"}}
{"logTime": "0314/160528", "correlationVector":"fo53qJPBA+u5d+pDZju+dx.5","action":"ProcessGetUpdates", "result":"Done", "context":{"dataType":"Sessions", "deleted":"174", "process_failed_to_decrypt":"0", "process_pending_decryption":"0", "process_success":"174", "total":"174"}}
{"logTime": "0314/160528", "correlationVector":"fo53qJPBA+u5d+pDZju+dx.6","action":"ProcessGetUpdates", "result":"Done", "context":{"dataType":"Extension settings", "deleted":"0", "process_failed_to_decrypt":"0", "process_pending_decryption":"0", "process_success":"5", "total":"5"}}
{"logTime": "0314/160528", "correlationVector":"fo53qJPBA+u5d+pDZju+dx.7","action":"ProcessGetUpdates", "result":"Done", "context":{"dataType":"Edge Hub App Usage", "deleted":"13", "process_failed_to_decrypt":"0", "process_pending_decryption":"0", "process_success":"24", "total":"24"}}
{"logTime": "0314/160528", "correlationVector":"fo53qJPBA+u5d+pDZju+dx.8","action":"ProcessGetUpdates", "result":"Done", "context":{"dataType":"Edge Tab Group", "deleted":"3", "process_failed_to_decrypt":"0", "process_pending_decryption":"0", "process_success":"3", "total":"3"}}
{"logTime": "0314/160528", "correlationVector":"fo53qJPBA+u5d+pDZju+dx.9","action":"GetUpdates Response", "result":"Success", "context":Received 250 update(s). cV=fo53qJPBA+u5d+pDZju+dx.0;server=akswtt01000000m;cloudType=Consumer;environment=Prod_southindia_prod-s01-004-apac-southindia;migrationStage=NotStarted Some updates remain.}
{"logTime": "0314/160528", "correlationVector":"6faZqIMRRhFZCKQJE7G4k2","action":"Initial GetUpdates", "result":"", "context":Reason: NEWLY_SUPPORTED_DATATYPE. cV=6faZqIMRRhFZCKQJE7G4k2}
{"logTime": "0314/160529", "correlationVector":"6faZqIMRRhFZCKQJE7G4k2.1","action":"SyncServerConnectionManagerRequest", "result":"SYNC_SERVER_OK", "context":{"environment":"Prod_southindia_prod-s01-004-apac-southindia", "migrationStage":"NotStarted", "server":"akswtt01000002k"}}
{"logTime": "0314/160529", "correlationVector":"6faZqIMRRhFZCKQJE7G4k2.2","action":"ProcessGetUpdates", "result":"Done", "context":{"dataType":"Autofill", "deleted":"0", "process_failed_to_decrypt":"0", "process_pending_decryption":"0", "process_success":"224", "total":"224"}}
{"logTime": "0314/160529", "correlationVector":"6faZqIMRRhFZCKQJE7G4k2.3","action":"ProcessGetUpdates", "result":"Done", "context":{"dataType":"Extensions", "deleted":"0", "process_failed_to_decrypt":"0", "process_pending_decryption":"0", "process_success":"1", "total":"1"}}
{"logTime": "0314/160529", "correlationVector":"6faZqIMRRhFZCKQJE7G4k2.4","action":"ProcessGetUpdates", "result":"Done", "context":{"dataType":"Sessions", "deleted":"4", "process_failed_to_decrypt":"0", "process_pending_decryption":"0", "process_success":"10", "total":"10"}}
{"logTime": "0314/160529", "correlationVector":"6faZqIMRRhFZCKQJE7G4k2.5","action":"ProcessGetUpdates", "result":"Done", "context":{"dataType":"Edge Hub App Usage", "deleted":"4", "process_failed_to_decrypt":"0", "process_pending_decryption":"0", "process_success":"4", "total":"4"}}
{"logTime": "0314/160529", "correlationVector":"6faZqIMRRhFZCKQJE7G4k2.6","action":"ProcessGetUpdates", "result":"Done", "context":{"dataType":"Edge Tab Group", "deleted":"0", "process_failed_to_decrypt":"0", "process_pending_decryption":"0", "process_success":"1", "total":"1"}}
{"logTime": "0314/160529", "correlationVector":"6faZqIMRRhFZCKQJE7G4k2.7","action":"GetUpdates Response", "result":"Success", "context":Received 240 update(s). cV=6faZqIMRRhFZCKQJE7G4k2.0;server=akswtt01000002k;cloudType=Consumer;environment=Prod_southindia_prod-s01-004-apac-southindia;migrationStage=NotStarted}
{"logTime": "0314/160529", "correlationVector":"p0RCWEJG2qUAPSHRbYy9gs","action":"Initial GetUpdates", "result":"", "context":Reason: NEWLY_SUPPORTED_DATATYPE. cV=p0RCWEJG2qUAPSHRbYy9gs}
{"logTime": "0314/160529", "correlationVector":"p0RCWEJG2qUAPSHRbYy9gs.1","action":"SyncServerConnectionManagerRequest", "result":"SYNC_SERVER_OK", "context":{"environment":"Prod_southindia_prod-s01-004-apac-southindia", "migrationStage":"NotStarted", "server":"akswtt010000026"}}
{"logTime": "0314/160529", "correlationVector":"p0RCWEJG2qUAPSHRbYy9gs.2","action":"ProcessGetUpdates", "result":"Done", "context":{"dataType":"History", "deleted":"0", "process_failed_to_decrypt":"0", "process_pending_decryption":"0", "process_success":"194", "total":"194"}}
{"logTime": "0314/160529", "correlationVector":"p0RCWEJG2qUAPSHRbYy9gs.3","action":"GetUpdates Response", "result":"Success", "context":Received 194 update(s). cV=p0RCWEJG2qUAPSHRbYy9gs.0;server=akswtt010000026;cloudType=Consumer;environment=Prod_southindia_prod-s01-004-apac-southindia;migrationStage=NotStarted}
{"logTime": "0314/160529", "correlationVector":"MG6up3fohlLarH1M9sbjSl","action":"Normal GetUpdate request", "result":"", "context":cV=MG6up3fohlLarH1M9sbjSl
Nudged types: Sessions, Device Info, User Consents, Web Apps
Refresh requested types: Bookmarks, Preferences, Passwords, Autofill Profiles, Autofill, Extensions, Sessions, Extension settings, History Delete Directives, Device Info, User Consents, Send Tab To Self, Web Apps, History, Collection, Edge E Drop, Edge Hub App Usage, Edge Tab Group, Edge Wallet, Encryption Keys}
{"logTime": "0314/160530", "correlationVector":"MG6up3fohlLarH1M9sbjSl.1","action":"SyncServerConnectionManagerRequest", "result":"SYNC_SERVER_OK", "context":{"environment":"Prod_southindia_prod-s01-004-apac-southindia", "migrationStage":"NotStarted", "server":"akswtt010000025"}}
{"logTime": "0314/160530", "correlationVector":"MG6up3fohlLarH1M9sbjSl.2","action":"GetUpdates Response", "result":"Success", "context":Received 0 update(s). cV=MG6up3fohlLarH1M9sbjSl.0;server=akswtt010000025;cloudType=Consumer;environment=Prod_southindia_prod-s01-004-apac-southindia;migrationStage=NotStarted}
{"logTime": "0314/160530", "correlationVector":"OvAyQNBiZ5QwgKa27yCMVM","action":"Commit Request", "result":"", "context":Item count: 6
Contributing types: Sessions, Device Info, User Consents, Web Apps}
{"logTime": "0314/160531", "correlationVector":"OvAyQNBiZ5QwgKa27yCMVM.1","action":"SyncServerConnectionManagerRequest", "result":"SYNC_SERVER_OK", "context":{"environment":"Prod_southindia_prod-s01-004-apac-southindia", "migrationStage":"NotStarted", "server":"akswtt01000003r"}}
{"logTime": "0314/160531", "correlationVector":"OvAyQNBiZ5QwgKa27yCMVM.2","action":"Commit Response", "result":"Success", "context":Result: Success. cV=OvAyQNBiZ5QwgKa27yCMVM.0;server=akswtt01000003r;cloudType=Consumer;environment=Prod_southindia_prod-s01-004-apac-southindia;migrationStage=NotStarted}
{"logTime": "0314/160536", "correlationVector":"yqa74dCpt3DcG2jkUIrJnM","action":"Commit Request", "result":"", "context":Item count: 3
Contributing types: Preferences, Sessions, History}
{"logTime": "0314/160537", "correlationVector":"yqa74dCpt3DcG2jkUIrJnM.1","action":"SyncServerConnectionManagerRequest", "result":"SYNC_SERVER_OK", "context":{"environment":"Prod_southindia_prod-s01-004-apac-southindia", "migrationStage":"NotStarted", "server":"akswtt010000002"}}
{"logTime": "0314/160537", "correlationVector":"yqa74dCpt3DcG2jkUIrJnM.2","action":"Commit Response", "result":"Success", "context":Result: Success. cV=yqa74dCpt3DcG2jkUIrJnM.0;server=akswtt010000002;cloudType=Consumer;environment=Prod_southindia_prod-s01-004-apac-southindia;migrationStage=NotStarted}
